   Compiling bittorrent-core v0.1.0 (/home/lucas/CookSpace/torrent-rs/bittorrent-core)
warning: unused imports: `field::debug` and `info`
  --> bittorrent-core/src/peer/peer_connection.rs:31:22
   |
31 | use tracing::{debug, field::debug, info, warn};
   |                      ^^^^^^^^^^^^  ^^^^
   |
   = note: `#[warn(unused_imports)]` on by default

warning: unused import: `super::bitfield::Bitfield`
 --> bittorrent-core/src/peer/mod.rs:7:5
  |
7 | use super::bitfield::Bitfield;
  |     ^^^^^^^^^^^^^^^^^^^^^^^^^

warning: unused import: `HashType`
  --> bittorrent-core/src/session.rs:12:18
   |
12 | use magnet_uri::{HashType, Magnet, MagnetError};
   |                  ^^^^^^^^

warning: unused import: `tracing::warn`
  --> bittorrent-core/src/session.rs:24:5
   |
24 | use tracing::warn;
   |     ^^^^^^^^^^^^^

warning: unused variable: `block`
   --> bittorrent-core/src/peer/peer_connection.rs:260:30
    |
260 |             Message::Request(block) => self.on_request().await?,
    |                              ^^^^^ help: if this is intentional, prefix it with an underscore: `_block`
    |
    = note: `#[warn(unused_variables)]` on by default

warning: unused variable: `info`
   --> bittorrent-core/src/peer/peer_connection.rs:261:28
    |
261 |             Message::Piece(info) => self.on_piece().await?,
    |                            ^^^^ help: if this is intentional, prefix it with an underscore: `_info`

warning: unused variable: `block`
   --> bittorrent-core/src/peer/peer_connection.rs:262:29
    |
262 |             Message::Cancel(block) => self.on_cancel().await?,
    |                             ^^^^^ help: if this is intentional, prefix it with an underscore: `_block`

warning: unused variable: `piece_index`
   --> bittorrent-core/src/peer/peer_connection.rs:278:37
    |
278 |             PeerMessage::SendHave { piece_index } => todo!(),
    |                                     ^^^^^^^^^^^ help: try ignoring the field: `piece_index: _`

warning: unused variable: `bitfield`
   --> bittorrent-core/src/peer/peer_connection.rs:279:41
    |
279 |             PeerMessage::SendBitfield { bitfield } => todo!(),
    |                                         ^^^^^^^^ help: try ignoring the field: `bitfield: _`

warning: unused variable: `protocol_msg`
   --> bittorrent-core/src/peer/peer_connection.rs:283:38
    |
283 |             PeerMessage::SendMessage(protocol_msg) => todo!(),
    |                                      ^^^^^^^^^^^^ help: if this is intentional, prefix it with an underscore: `_protocol_msg`

warning: unused variable: `bitfield`
   --> bittorrent-core/src/torrent_refactor.rs:352:27
    |
352 |             Bitfield(pid, bitfield) => {
    |                           ^^^^^^^^ help: if this is intentional, prefix it with an underscore: `_bitfield`

warning: unused variable: `pid`
   --> bittorrent-core/src/torrent_refactor.rs:356:26
    |
356 |             BlockRequest(pid, block_info) => {
    |                          ^^^ help: if this is intentional, prefix it with an underscore: `_pid`

warning: unused variable: `block_info`
   --> bittorrent-core/src/torrent_refactor.rs:356:31
    |
356 |             BlockRequest(pid, block_info) => {
    |                               ^^^^^^^^^^ help: if this is intentional, prefix it with an underscore: `_block_info`

warning: unused variable: `pid`
   --> bittorrent-core/src/torrent_refactor.rs:397:22
    |
397 |             NeedTask(pid) => {
    |                      ^^^ help: if this is intentional, prefix it with an underscore: `_pid`

warning: unused variable: `pid`
   --> bittorrent-core/src/torrent_refactor.rs:422:17
    |
422 |                 pid, // maybe use this to mark the peer as participant in the construction of
    |                 ^^^ help: try ignoring the field: `pid: _`

warning: unused variable: `supports_ext`
   --> bittorrent-core/src/session.rs:246:25
    |
246 |                     let supports_ext = remote_handshake.support_extended_message();
    |                         ^^^^^^^^^^^^ help: if this is intentional, prefix it with an underscore: `_supports_ext`

warning: unused variable: `stream`
   --> bittorrent-core/src/torrent_refactor.rs:318:17
    |
318 |                 stream,
    |                 ^^^^^^ help: try ignoring the field: `stream: _`

warning: unused variable: `remote_addr`
   --> bittorrent-core/src/torrent_refactor.rs:319:17
    |
319 |                 remote_addr,
    |                 ^^^^^^^^^^^ help: try ignoring the field: `remote_addr: _`

warning: unused variable: `supports_ext`
   --> bittorrent-core/src/torrent_refactor.rs:320:17
    |
320 |                 supports_ext,
    |                 ^^^^^^^^^^^^ help: try ignoring the field: `supports_ext: _`

warning: variant `OutOfBounds` is never constructed
  --> bittorrent-core/src/bitfield.rs:16:5
   |
7  | pub enum BitfieldError {
   |          ------------- variant in this enum
...
16 |     OutOfBounds { idx: usize, len: usize },
   |     ^^^^^^^^^^^
   |
   = note: `BitfieldError` has a derived impl for the trait `Debug`, but this is intentionally ignored during dead code analysis
   = note: `#[warn(dead_code)]` on by default

warning: methods `is_valid`, `info_hash`, `display_name`, and `needs_metadata` are never used
   --> bittorrent-core/src/metadata.rs:207:12
    |
29  | impl Metadata {
    | ------------- methods in this implementation
...
207 |     pub fn is_valid(&self) -> bool {
    |            ^^^^^^^^
...
356 |     pub fn info_hash(&self) -> InfoHash {
    |            ^^^^^^^^^
...
366 |     pub fn display_name(&self) -> Option<&str> {
    |            ^^^^^^^^^^^^
...
374 |     pub fn needs_metadata(&self) -> bool {
    |            ^^^^^^^^^^^^^^

warning: field `save_path` is never read
  --> bittorrent-core/src/session.rs:87:5
   |
85 | struct SessionManager {
   |        -------------- field in this struct
86 |     port: u16,
87 |     save_path: PathBuf,
   |     ^^^^^^^^^

warning: `bittorrent-core` (lib) generated 22 warnings (run `cargo fix --lib -p bittorrent-core` to apply 4 suggestions)
   Compiling bittorrent-cli v0.1.0 (/home/lucas/CookSpace/torrent-rs/bittorrent-cli)
    Finished `dev` profile [unoptimized + debuginfo] target(s) in 4.51s
     Running `target/debug/bittorrent-cli --log-level=debug -- 'magnet:?xt=urn:btih:be93d47a7190db386b922e7ebde4435f265466d4&dn=cachyos-desktop-linux-250828.iso&tr=udp%3A%2F%2Ffosstorrents.com%3A6969%2Fannounce&tr=http%3A%2F%2Ffosstorrents.com%3A6969%2Fannounce&tr=udp%3A%2F%2Ftracker.opentrackr.org%3A1337%2Fannounce&tr=udp%3A%2F%2Ftracker.torrent.eu.org%3A451%2Fannounce&tr=udp%3A%2F%2Ftracker-udp.gbitt.info%3A80%2Fannounce&tr=udp%3A%2F%2Fopen.demonii.com%3A1337%2Fannounce&tr=udp%3A%2F%2Fopen.stealth.si%3A80%2Fannounce&tr=udp%3A%2F%2Fexodus.desync.com%3A6969%2Fannounce&tr=udp%3A%2F%2Ftracker.theoks.net%3A6969%2Fannounce&tr=udp%3A%2F%2Fopentracker.io%3A6969%2Fannounce&ws=https%3A%2F%2Fcdn77.cachyos.org%2FISO%2Fdesktop%2F250828%2Fcachyos-desktop-linux-250828.iso&ws=https%3A%2F%2Fcdn.cachyos.org%2FISO%2Fdesktop%2F250828%2Fcachyos-desktop-linux-250828.iso&ws=https%3A%2F%2Faur.cachyos.org%2FISO%2Fdesktop%2F250828%2Fcachyos-desktop-linux-250828.iso&ws=https%3A%2F%2Fmirror.cachyos.org%2FISO%2Fdesktop%2F250828%2Fcachyos-desktop-linux-250828.iso&ws=https%3A%2F%2Fus.cachyos.org%2FISO%2Fdesktop%2F250828%2Fcachyos-desktop-linux-250828.iso&ws=https%3A%2F%2Fmirror.lesviallon.fr%2Fcachy%2FISO%2Fdesktop%2F250828%2Fcachyos-desktop-linux-250828.iso&ws=https%3A%2F%2Fmirror.fast0ne.com%2FISO%2Fdesktop%2F250828%2Fcachyos-desktop-linux-250828.iso&ws=https%3A%2F%2Fno.mirror.cx%2Fcachyos%2FISO%2Fdesktop%2F250828%2Fcachyos-desktop-linux-250828.iso&ws=https%3A%2F%2Fat.cachyos.org%2FISO%2Fdesktop%2F250828%2Fcachyos-desktop-linux-250828.iso&ws=https%3A%2F%2Fde-nue.soulharsh007.dev%2Fcachyos%2FISO%2Fdesktop%2F250828%2Fcachyos-desktop-linux-250828.iso&ws=https%3A%2F%2Fmirror.nju.edu.cn%2Fcachyos%2FISO%2Fdesktop%2F250828%2Fcachyos-desktop-linux-250828.iso&ws=https%3A%2F%2Fmirrors.ustc.edu.cn%2Fcachyos%2FISO%2Fdesktop%2F250828%2Fcachyos-desktop-linux-250828.iso&ws=https%3A%2F%2Fmirror.scholarshub.world%2FISO%2Fdesktop%2F250828%2Fcachyos-desktop-linux-250828.iso&ws=https%3A%2F%2Fcachyos.next-works.it%2FISO%2Fdesktop%2F250828%2Fcachyos-desktop-linux-250828.iso&ws=https%3A%2F%2Fmirror.limda.net%2Fcachy%2FISO%2Fdesktop%2F250828%2Fcachyos-desktop-linux-250828.iso&ws=https%3A%2F%2Fcachyos.doridian.net%2FISO%2Fdesktop%2F250828%2Fcachyos-desktop-linux-250828.iso&ws=https%3A%2F%2Fmirror.hb9hil.org%2Fcachyos%2FISO%2Fdesktop%2F250828%2Fcachyos-desktop-linux-250828.iso&ws=https%3A%2F%2Fmirror.meowsmp.net%2FcachyOS%2FISO%2Fdesktop%2F250828%2Fcachyos-desktop-linux-250828.iso'`
[2m2025-09-24T00:18:55.077698Z[0m [32m INFO[0m [2m101:[0m Torrent: magnet:?xt=urn:btih:be93d47a7190db386b922e7ebde4435f265466d4&dn=cachyos-desktop-linux-250828.iso&tr=udp%3A%2F%2Ffosstorrents.com%3A6969%2Fannounce&tr=http%3A%2F%2Ffosstorrents.com%3A6969%2Fannounce&tr=udp%3A%2F%2Ftracker.opentrackr.org%3A1337%2Fannounce&tr=udp%3A%2F%2Ftracker.torrent.eu.org%3A451%2Fannounce&tr=udp%3A%2F%2Ftracker-udp.gbitt.info%3A80%2Fannounce&tr=udp%3A%2F%2Fopen.demonii.com%3A1337%2Fannounce&tr=udp%3A%2F%2Fopen.stealth.si%3A80%2Fannounce&tr=udp%3A%2F%2Fexodus.desync.com%3A6969%2Fannounce&tr=udp%3A%2F%2Ftracker.theoks.net%3A6969%2Fannounce&tr=udp%3A%2F%2Fopentracker.io%3A6969%2Fannounce&ws=https%3A%2F%2Fcdn77.cachyos.org%2FISO%2Fdesktop%2F250828%2Fcachyos-desktop-linux-250828.iso&ws=https%3A%2F%2Fcdn.cachyos.org%2FISO%2Fdesktop%2F250828%2Fcachyos-desktop-linux-250828.iso&ws=https%3A%2F%2Faur.cachyos.org%2FISO%2Fdesktop%2F250828%2Fcachyos-desktop-linux-250828.iso&ws=https%3A%2F%2Fmirror.cachyos.org%2FISO%2Fdesktop%2F250828%2Fcachyos-desktop-linux-250828.iso&ws=https%3A%2F%2Fus.cachyos.org%2FISO%2Fdesktop%2F250828%2Fcachyos-desktop-linux-250828.iso&ws=https%3A%2F%2Fmirror.lesviallon.fr%2Fcachy%2FISO%2Fdesktop%2F250828%2Fcachyos-desktop-linux-250828.iso&ws=https%3A%2F%2Fmirror.fast0ne.com%2FISO%2Fdesktop%2F250828%2Fcachyos-desktop-linux-250828.iso&ws=https%3A%2F%2Fno.mirror.cx%2Fcachyos%2FISO%2Fdesktop%2F250828%2Fcachyos-desktop-linux-250828.iso&ws=https%3A%2F%2Fat.cachyos.org%2FISO%2Fdesktop%2F250828%2Fcachyos-desktop-linux-250828.iso&ws=https%3A%2F%2Fde-nue.soulharsh007.dev%2Fcachyos%2FISO%2Fdesktop%2F250828%2Fcachyos-desktop-linux-250828.iso&ws=https%3A%2F%2Fmirror.nju.edu.cn%2Fcachyos%2FISO%2Fdesktop%2F250828%2Fcachyos-desktop-linux-250828.iso&ws=https%3A%2F%2Fmirrors.ustc.edu.cn%2Fcachyos%2FISO%2Fdesktop%2F250828%2Fcachyos-desktop-linux-250828.iso&ws=https%3A%2F%2Fmirror.scholarshub.world%2FISO%2Fdesktop%2F250828%2Fcachyos-desktop-linux-250828.iso&ws=https%3A%2F%2Fcachyos.next-works.it%2FISO%2Fdesktop%2F250828%2Fcachyos-desktop-linux-250828.iso&ws=https%3A%2F%2Fmirror.limda.net%2Fcachy%2FISO%2Fdesktop%2F250828%2Fcachyos-desktop-linux-250828.iso&ws=https%3A%2F%2Fcachyos.doridian.net%2FISO%2Fdesktop%2F250828%2Fcachyos-desktop-linux-250828.iso&ws=https%3A%2F%2Fmirror.hb9hil.org%2Fcachyos%2FISO%2Fdesktop%2F250828%2Fcachyos-desktop-linux-250828.iso&ws=https%3A%2F%2Fmirror.meowsmp.net%2FcachyOS%2FISO%2Fdesktop%2F250828%2Fcachyos-desktop-linux-250828.iso
[2m2025-09-24T00:18:55.078050Z[0m [32m INFO[0m [2m102:[0m Save directory: /home/lucas/Downloads/Torrents
[2m2025-09-24T00:18:55.078233Z[0m [32m INFO[0m [2m103:[0m Listening on port: 6881
[2m2025-09-24T00:18:55.078881Z[0m [32m INFO[0m [2m198:[0m started connection listener
[2m2025-09-24T00:18:55.079064Z[0m [32m INFO[0m [2m208:[0m Ok(0.0.0.0:6881)
Starting download...
Press Ctrl+C to stop

magnet:?xt=urn:btih:be93d47a7190db386b922e7ebde4435f265466d4&dn=cachyos-desktop-linux-250828.iso&tr=udp%3A%2F%2Ffosstorrents.com%3A6969%2Fannounce&tr=http%3A%2F%2Ffosstorrents.com%3A6969%2Fannounce&tr=udp%3A%2F%2Ftracker.opentrackr.org%3A1337%2Fannounce&tr=udp%3A%2F%2Ftracker.torrent.eu.org%3A451%2Fannounce&tr=udp%3A%2F%2Ftracker-udp.gbitt.info%3A80%2Fannounce&tr=udp%3A%2F%2Fopen.demonii.com%3A1337%2Fannounce&tr=udp%3A%2F%2Fopen.stealth.si%3A80%2Fannounce&tr=udp%3A%2F%2Fexodus.desync.com%3A6969%2Fannounce&tr=udp%3A%2F%2Ftracker.theoks.net%3A6969%2Fannounce&tr=udp%3A%2F%2Fopentracker.io%3A6969%2Fannounce
Info Hash: be93d47a7190db386b922e7ebde4435f265466d4
Display Name: cachyos-desktop-linux-250828.iso
Trackers: [Url { scheme: "udp", cannot_be_a_base: false, username: "", password: None, host: Some(Domain("fosstorrents.com")), port: Some(6969), path: "/announce", query: None, fragment: None }, Url { scheme: "http", cannot_be_a_base: false, username: "", password: None, host: Some(Domain("fosstorrents.com")), port: Some(6969), path: "/announce", query: None, fragment: None }, Url { scheme: "udp", cannot_be_a_base: false, username: "", password: None, host: Some(Domain("tracker.opentrackr.org")), port: Some(1337), path: "/announce", query: None, fragment: None }, Url { scheme: "udp", cannot_be_a_base: false, username: "", password: None, host: Some(Domain("tracker.torrent.eu.org")), port: Some(451), path: "/announce", query: None, fragment: None }, Url { scheme: "udp", cannot_be_a_base: false, username: "", password: None, host: Some(Domain("tracker-udp.gbitt.info")), port: Some(80), path: "/announce", query: None, fragment: None }, Url { scheme: "udp", cannot_be_a_base: false, username: "", password: None, host: Some(Domain("open.demonii.com")), port: Some(1337), path: "/announce", query: None, fragment: None }, Url { scheme: "udp", cannot_be_a_base: false, username: "", password: None, host: Some(Domain("open.stealth.si")), port: Some(80), path: "/announce", query: None, fragment: None }, Url { scheme: "udp", cannot_be_a_base: false, username: "", password: None, host: Some(Domain("exodus.desync.com")), port: Some(6969), path: "/announce", query: None, fragment: None }, Url { scheme: "udp", cannot_be_a_base: false, username: "", password: None, host: Some(Domain("tracker.theoks.net")), port: Some(6969), path: "/announce", query: None, fragment: None }, Url { scheme: "udp", cannot_be_a_base: false, username: "", password: None, host: Some(Domain("opentracker.io")), port: Some(6969), path: "/announce", query: None, fragment: None }]
Peers: []
[2m2025-09-24T00:18:55.112718Z[0m [34mDEBUG[0m [2m88:[0m Announcing to tracker URL: http://fosstorrents.com:6969/announce?info_hash=%BE%93%D4%7A%71%90%DB%38%6B%92%2E%7E%BD%E4%43%5F%26%54%66%D4&peer_id=%2D%52%53%30%30%30%30%2D%80%6A%C9%19%41%03%AC%39%AC%B6%00%8F&port=6881&uploaded=0&downloaded=0&left=0&compact=1&event=started
Announcing to tracker URL: http://fosstorrents.com:6969/announce?info_hash=%BE%93%D4%7A%71%90%DB%38%6B%92%2E%7E%BD%E4%43%5F%26%54%66%D4&peer_id=%2D%52%53%30%30%30%30%2D%80%6A%C9%19%41%03%AC%39%AC%B6%00%8F&port=6881&uploaded=0&downloaded=0&left=0&compact=1&event=started
[2m2025-09-24T00:18:55.113432Z[0m [34mDEBUG[0m [2m882:[0m starting new connection: http://fosstorrents.com:6969/
[2m2025-09-24T00:18:55.121364Z[0m [33m WARN[0m [2m557:[0m Failed to announce to tracker udp://open.stealth.si:80/announce: Network error: Address family not supported by protocol (os error 97)
[2m2025-09-24T00:18:55.121784Z[0m [33m WARN[0m [2m557:[0m Failed to announce to tracker udp://exodus.desync.com:6969/announce: Network error: Address family not supported by protocol (os error 97)
[2m2025-09-24T00:18:55.122551Z[0m [33m WARN[0m [2m557:[0m Failed to announce to tracker udp://tracker.torrent.eu.org:451/announce: Network error: Address family not supported by protocol (os error 97)
[2m2025-09-24T00:18:55.143624Z[0m [33m WARN[0m [2m557:[0m Failed to announce to tracker udp://open.demonii.com:1337/announce: Network error: Address family not supported by protocol (os error 97)
[2m2025-09-24T00:18:55.347055Z[0m [34mDEBUG[0m [2m236:[0m established connection to 93.158.213.92:1337
[2m2025-09-24T00:18:55.347327Z[0m [34mDEBUG[0m [2m261:[0m sent request to tracker
[2m2025-09-24T00:18:55.573166Z[0m [32m INFO[0m [2m313:[0m connecting to 115.39.206.114:6881
[2m2025-09-24T00:18:55.573397Z[0m [32m INFO[0m [2m313:[0m connecting to 159.146.48.235:6783
[2m2025-09-24T00:18:55.573537Z[0m [32m INFO[0m [2m313:[0m connecting to 179.126.201.109:46027
[2m2025-09-24T00:18:55.573622Z[0m [32m INFO[0m [2m313:[0m connecting to 125.161.30.132:59251
[2m2025-09-24T00:18:55.573701Z[0m [32m INFO[0m [2m313:[0m connecting to 143.103.31.93:51413
[2m2025-09-24T00:18:55.573801Z[0m [32m INFO[0m [2m313:[0m connecting to 90.30.107.35:6881
[2m2025-09-24T00:18:55.573866Z[0m [32m INFO[0m [2m313:[0m connecting to 85.218.177.116:51413
[2m2025-09-24T00:18:55.573955Z[0m [32m INFO[0m [2m313:[0m connecting to 79.255.45.23:6980
[2m2025-09-24T00:18:55.574043Z[0m [32m INFO[0m [2m313:[0m connecting to 78.57.146.199:50413
[2m2025-09-24T00:18:55.574122Z[0m [32m INFO[0m [2m313:[0m connecting to 68.103.194.167:51413
[2m2025-09-24T00:18:55.574208Z[0m [32m INFO[0m [2m313:[0m connecting to 45.230.198.11:51413
[2m2025-09-24T00:18:55.574361Z[0m [32m INFO[0m [2m313:[0m connecting to 45.59.236.90:6203
[2m2025-09-24T00:18:55.574460Z[0m [32m INFO[0m [2m313:[0m connecting to 4.8.223.184:49836
[2m2025-09-24T00:18:55.574552Z[0m [32m INFO[0m [2m313:[0m connecting to 216.234.205.60:5663
[2m2025-09-24T00:18:55.574643Z[0m [32m INFO[0m [2m313:[0m connecting to 190.51.175.133:6881
[2m2025-09-24T00:18:55.574759Z[0m [32m INFO[0m [2m313:[0m connecting to 189.183.108.149:6881
[2m2025-09-24T00:18:55.574853Z[0m [32m INFO[0m [2m313:[0m connecting to 185.203.56.40:58807
[2m2025-09-24T00:18:55.574954Z[0m [32m INFO[0m [2m313:[0m connecting to 178.132.108.3:6881
[2m2025-09-24T00:18:55.575046Z[0m [32m INFO[0m [2m313:[0m connecting to 174.160.238.141:33333
[2m2025-09-24T00:18:55.575138Z[0m [32m INFO[0m [2m313:[0m connecting to 169.150.208.163:55860
[2m2025-09-24T00:18:55.575238Z[0m [32m INFO[0m [2m313:[0m connecting to 146.70.134.165:53261
[2m2025-09-24T00:18:55.575346Z[0m [32m INFO[0m [2m313:[0m connecting to 146.70.22.195:41103
[2m2025-09-24T00:18:55.575450Z[0m [32m INFO[0m [2m313:[0m connecting to 102.100.20.87:62774
[2m2025-09-24T00:18:55.575543Z[0m [32m INFO[0m [2m313:[0m connecting to 94.44.111.141:55219
[2m2025-09-24T00:18:55.575645Z[0m [32m INFO[0m [2m313:[0m connecting to 93.188.96.135:12161
[2m2025-09-24T00:18:55.575810Z[0m [32m INFO[0m [2m313:[0m connecting to 88.126.18.45:35234
[2m2025-09-24T00:18:55.575921Z[0m [32m INFO[0m [2m313:[0m connecting to 78.26.21.114:45265
[2m2025-09-24T00:18:55.576014Z[0m [32m INFO[0m [2m313:[0m connecting to 46.246.106.41:42515
[2m2025-09-24T00:18:55.576118Z[0m [32m INFO[0m [2m313:[0m connecting to 38.250.151.12:51413
[2m2025-09-24T00:18:55.576240Z[0m [32m INFO[0m [2m313:[0m connecting to 196.136.97.50:38761
[2m2025-09-24T00:18:55.576372Z[0m [32m INFO[0m [2m313:[0m connecting to 193.126.142.175:65125
[2m2025-09-24T00:18:55.576479Z[0m [32m INFO[0m [2m313:[0m connecting to 192.30.89.51:60139
[2m2025-09-24T00:18:55.576587Z[0m [32m INFO[0m [2m313:[0m connecting to 189.231.153.158:49156
[2m2025-09-24T00:18:55.576693Z[0m [32m INFO[0m [2m313:[0m connecting to 188.6.125.19:51413
[2m2025-09-24T00:18:55.576815Z[0m [32m INFO[0m [2m313:[0m connecting to 187.65.60.22:7923
[2m2025-09-24T00:18:55.576921Z[0m [32m INFO[0m [2m313:[0m connecting to 186.216.216.58:6881
[2m2025-09-24T00:18:55.577016Z[0m [32m INFO[0m [2m313:[0m connecting to 186.77.196.14:49031
[2m2025-09-24T00:18:55.577121Z[0m [32m INFO[0m [2m313:[0m connecting to 179.109.143.216:25031
[2m2025-09-24T00:18:55.577210Z[0m [32m INFO[0m [2m313:[0m connecting to 159.196.249.34:50413
[2m2025-09-24T00:18:55.577333Z[0m [32m INFO[0m [2m313:[0m connecting to 151.43.100.155:24064
[2m2025-09-24T00:18:55.577452Z[0m [32m INFO[0m [2m313:[0m connecting to 107.200.194.61:51413
[2m2025-09-24T00:18:55.577562Z[0m [32m INFO[0m [2m313:[0m connecting to 96.245.159.48:6881
[2m2025-09-24T00:18:55.577665Z[0m [32m INFO[0m [2m313:[0m connecting to 95.180.232.23:51413
[2m2025-09-24T00:18:55.577711Z[0m [33m WARN[0m [2m771:[0m [3merr[0m[2m=[0mNetwork(Os { code: 111, kind: ConnectionRefused, message: "Connection refused" })
[2m2025-09-24T00:18:55.577756Z[0m [32m INFO[0m [2m313:[0m connecting to 94.16.115.113:43125
[2m2025-09-24T00:18:55.577907Z[0m [32m INFO[0m [2m313:[0m connecting to 91.22.214.95:31678
[2m2025-09-24T00:18:55.578027Z[0m [32m INFO[0m [2m313:[0m connecting to 75.167.3.92:22997
[2m2025-09-24T00:18:55.578129Z[0m [32m INFO[0m [2m313:[0m connecting to 68.207.252.58:47947
[2m2025-09-24T00:18:55.578220Z[0m [32m INFO[0m [2m313:[0m connecting to 49.47.192.109:51402
[2m2025-09-24T00:18:55.578343Z[0m [32m INFO[0m [2m313:[0m connecting to 27.252.143.3:60857
[2m2025-09-24T00:18:55.578452Z[0m [32m INFO[0m [2m313:[0m connecting to 24.52.168.158:51413
[2m2025-09-24T00:18:55.579967Z[0m [33m WARN[0m [2m344:[0m Peer Pid(14) encountered an error [3merr[0m[2m=[0mNetwork(Os { code: 111, kind: ConnectionRefused, message: "Connection refused" })
[2m2025-09-24T00:18:55.643842Z[0m [33m WARN[0m [2m771:[0m [3merr[0m[2m=[0mNetwork(Os { code: 111, kind: ConnectionRefused, message: "Connection refused" })
[2m2025-09-24T00:18:55.644038Z[0m [33m WARN[0m [2m344:[0m Peer Pid(10) encountered an error [3merr[0m[2m=[0mNetwork(Os { code: 111, kind: ConnectionRefused, message: "Connection refused" })
[2m2025-09-24T00:18:55.762409Z[0m [34mDEBUG[0m [2m118:[0m Initiating handshake with peer at 107.200.194.61:51413
[2m2025-09-24T00:18:55.762475Z[0m [34mDEBUG[0m [2m122:[0m Sending handshake message to peer
[2m2025-09-24T00:18:55.762539Z[0m [34mDEBUG[0m [2m124:[0m Handshake sent successfully
[2m2025-09-24T00:18:55.762560Z[0m [34mDEBUG[0m [2m126:[0m Waiting to receive handshake from peer
[2m2025-09-24T00:18:55.763962Z[0m [34mDEBUG[0m [2m118:[0m Initiating handshake with peer at 68.207.252.58:47947
[2m2025-09-24T00:18:55.763989Z[0m [34mDEBUG[0m [2m122:[0m Sending handshake message to peer
[2m2025-09-24T00:18:55.764022Z[0m [34mDEBUG[0m [2m124:[0m Handshake sent successfully
[2m2025-09-24T00:18:55.764040Z[0m [34mDEBUG[0m [2m126:[0m Waiting to receive handshake from peer
[2m2025-09-24T00:18:55.773772Z[0m [34mDEBUG[0m [2m118:[0m Initiating handshake with peer at 189.231.153.158:49156
[2m2025-09-24T00:18:55.773843Z[0m [34mDEBUG[0m [2m122:[0m Sending handshake message to peer
[2m2025-09-24T00:18:55.773927Z[0m [34mDEBUG[0m [2m124:[0m Handshake sent successfully
[2m2025-09-24T00:18:55.773973Z[0m [34mDEBUG[0m [2m126:[0m Waiting to receive handshake from peer
[2m2025-09-24T00:18:55.799137Z[0m [34mDEBUG[0m [2m118:[0m Initiating handshake with peer at 45.59.236.90:6203
[2m2025-09-24T00:18:55.799230Z[0m [34mDEBUG[0m [2m122:[0m Sending handshake message to peer
[2m2025-09-24T00:18:55.799362Z[0m [34mDEBUG[0m [2m124:[0m Handshake sent successfully
[2m2025-09-24T00:18:55.799423Z[0m [34mDEBUG[0m [2m126:[0m Waiting to receive handshake from peer
[2m2025-09-24T00:18:55.802934Z[0m [33m WARN[0m [2m771:[0m [3merr[0m[2m=[0mNetwork(Os { code: 111, kind: ConnectionRefused, message: "Connection refused" })
[2m2025-09-24T00:18:55.803087Z[0m [33m WARN[0m [2m344:[0m Peer Pid(13) encountered an error [3merr[0m[2m=[0mNetwork(Os { code: 111, kind: ConnectionRefused, message: "Connection refused" })
[2m2025-09-24T00:18:55.820268Z[0m [34mDEBUG[0m [2m118:[0m Initiating handshake with peer at 185.203.56.40:58807
[2m2025-09-24T00:18:55.820345Z[0m [34mDEBUG[0m [2m122:[0m Sending handshake message to peer
[2m2025-09-24T00:18:55.820413Z[0m [34mDEBUG[0m [2m124:[0m Handshake sent successfully
[2m2025-09-24T00:18:55.820442Z[0m [34mDEBUG[0m [2m126:[0m Waiting to receive handshake from peer
[2m2025-09-24T00:18:55.828726Z[0m [34mDEBUG[0m [2m118:[0m Initiating handshake with peer at 85.218.177.116:51413
[2m2025-09-24T00:18:55.828786Z[0m [34mDEBUG[0m [2m122:[0m Sending handshake message to peer
[2m2025-09-24T00:18:55.828850Z[0m [34mDEBUG[0m [2m124:[0m Handshake sent successfully
[2m2025-09-24T00:18:55.828877Z[0m [34mDEBUG[0m [2m126:[0m Waiting to receive handshake from peer
[2m2025-09-24T00:18:55.830262Z[0m [34mDEBUG[0m [2m118:[0m Initiating handshake with peer at 91.22.214.95:31678
[2m2025-09-24T00:18:55.830333Z[0m [34mDEBUG[0m [2m122:[0m Sending handshake message to peer
[2m2025-09-24T00:18:55.830419Z[0m [34mDEBUG[0m [2m124:[0m Handshake sent successfully
[2m2025-09-24T00:18:55.830450Z[0m [34mDEBUG[0m [2m126:[0m Waiting to receive handshake from peer
[2m2025-09-24T00:18:55.837533Z[0m [34mDEBUG[0m [2m118:[0m Initiating handshake with peer at 192.30.89.51:60139
[2m2025-09-24T00:18:55.837588Z[0m [34mDEBUG[0m [2m122:[0m Sending handshake message to peer
[2m2025-09-24T00:18:55.837651Z[0m [34mDEBUG[0m [2m124:[0m Handshake sent successfully
[2m2025-09-24T00:18:55.837691Z[0m [34mDEBUG[0m [2m126:[0m Waiting to receive handshake from peer
[2m2025-09-24T00:18:55.841440Z[0m [34mDEBUG[0m [2m118:[0m Initiating handshake with peer at 94.16.115.113:43125
[2m2025-09-24T00:18:55.841495Z[0m [34mDEBUG[0m [2m122:[0m Sending handshake message to peer
[2m2025-09-24T00:18:55.841561Z[0m [34mDEBUG[0m [2m124:[0m Handshake sent successfully
[2m2025-09-24T00:18:55.841589Z[0m [34mDEBUG[0m [2m126:[0m Waiting to receive handshake from peer
[2m2025-09-24T00:18:55.848937Z[0m [33m WARN[0m [2m771:[0m [3merr[0m[2m=[0mNetwork(Os { code: 111, kind: ConnectionRefused, message: "Connection refused" })
[2m2025-09-24T00:18:55.849063Z[0m [33m WARN[0m [2m344:[0m Peer Pid(42) encountered an error [3merr[0m[2m=[0mNetwork(Os { code: 111, kind: ConnectionRefused, message: "Connection refused" })
[2m2025-09-24T00:18:55.854355Z[0m [34mDEBUG[0m [2m118:[0m Initiating handshake with peer at 188.6.125.19:51413
[2m2025-09-24T00:18:55.854418Z[0m [34mDEBUG[0m [2m122:[0m Sending handshake message to peer
[2m2025-09-24T00:18:55.854483Z[0m [34mDEBUG[0m [2m124:[0m Handshake sent successfully
[2m2025-09-24T00:18:55.854516Z[0m [34mDEBUG[0m [2m126:[0m Waiting to receive handshake from peer
[2m2025-09-24T00:18:55.859021Z[0m [34mDEBUG[0m [2m118:[0m Initiating handshake with peer at 169.150.208.163:55860
[2m2025-09-24T00:18:55.859074Z[0m [34mDEBUG[0m [2m122:[0m Sending handshake message to peer
[2m2025-09-24T00:18:55.859137Z[0m [34mDEBUG[0m [2m124:[0m Handshake sent successfully
[2m2025-09-24T00:18:55.859169Z[0m [34mDEBUG[0m [2m126:[0m Waiting to receive handshake from peer
[2m2025-09-24T00:18:55.861828Z[0m [34mDEBUG[0m [2m118:[0m Initiating handshake with peer at 75.167.3.92:22997
[2m2025-09-24T00:18:55.861887Z[0m [34mDEBUG[0m [2m122:[0m Sending handshake message to peer
[2m2025-09-24T00:18:55.861954Z[0m [34mDEBUG[0m [2m124:[0m Handshake sent successfully
[2m2025-09-24T00:18:55.861991Z[0m [34mDEBUG[0m [2m126:[0m Waiting to receive handshake from peer
[2m2025-09-24T00:18:55.887340Z[0m [34mDEBUG[0m [2m118:[0m Initiating handshake with peer at 46.246.106.41:42515
[2m2025-09-24T00:18:55.887425Z[0m [34mDEBUG[0m [2m122:[0m Sending handshake message to peer
[2m2025-09-24T00:18:55.887526Z[0m [34mDEBUG[0m [2m124:[0m Handshake sent successfully
[2m2025-09-24T00:18:55.887577Z[0m [34mDEBUG[0m [2m126:[0m Waiting to receive handshake from peer
[2m2025-09-24T00:18:55.919866Z[0m [33m WARN[0m [2m771:[0m [3merr[0m[2m=[0mNetwork(Os { code: 113, kind: HostUnreachable, message: "No route to host" })
[2m2025-09-24T00:18:55.919973Z[0m [33m WARN[0m [2m344:[0m Peer Pid(48) encountered an error [3merr[0m[2m=[0mNetwork(Os { code: 113, kind: HostUnreachable, message: "No route to host" })
[2m2025-09-24T00:18:55.924612Z[0m [33m WARN[0m [2m771:[0m [3merr[0m[2m=[0mNetwork(Os { code: 113, kind: HostUnreachable, message: "No route to host" })
[2m2025-09-24T00:18:55.924787Z[0m [33m WARN[0m [2m344:[0m Peer Pid(12) encountered an error [3merr[0m[2m=[0mNetwork(Os { code: 113, kind: HostUnreachable, message: "No route to host" })
[2m2025-09-24T00:18:55.935372Z[0m [33m WARN[0m [2m771:[0m [3merr[0m[2m=[0mNetwork(Custom { kind: UnexpectedEof, error: "early eof" })
[2m2025-09-24T00:18:55.935540Z[0m [33m WARN[0m [2m344:[0m Peer Pid(40) encountered an error [3merr[0m[2m=[0mNetwork(Custom { kind: UnexpectedEof, error: "early eof" })
[2m2025-09-24T00:18:55.935941Z[0m [33m WARN[0m [2m771:[0m [3merr[0m[2m=[0mNetwork(Custom { kind: UnexpectedEof, error: "early eof" })
[2m2025-09-24T00:18:55.936081Z[0m [33m WARN[0m [2m344:[0m Peer Pid(46) encountered an error [3merr[0m[2m=[0mNetwork(Custom { kind: UnexpectedEof, error: "early eof" })
[2m2025-09-24T00:18:55.956703Z[0m [34mDEBUG[0m [2m129:[0m Received handshake from peer
[2m2025-09-24T00:18:55.956781Z[0m [34mDEBUG[0m [2m133:[0m Validating remote handshake
[bittorrent-core/src/peer/peer_connection.rs:529:12] client_support_metadata_yet && !self.state.have_metadata = false
[2m2025-09-24T00:18:55.957187Z[0m [34mDEBUG[0m [2m572:[0m [3mhandshake[0m[2m=[0mExtendedHandshake { m: Some({"lt_donthave": 7, "share_mode": 8, "upload_only": 3, "ut_holepunch": 4, "ut_metadata": 2}), v: Some("qBittorrent/5.1.2"), reqq: Some(2000), p: None, yourip: Some(b"\xbe3\xaf\x85"), ipv4: None, ipv6: None, metadata_size: Some(28501) }
[bittorrent-core/src/peer/peer_connection.rs:587:16] !self.state.have_metadata = true
[2m2025-09-24T00:18:55.957323Z[0m [34mDEBUG[0m [2m588:[0m SHOULD REQUEST METADATA
[bittorrent-core/src/peer/peer_connection.rs:529:12] client_support_metadata_yet && !self.state.have_metadata = true
[2m2025-09-24T00:18:55.957478Z[0m [34mDEBUG[0m [2m414:[0m Received metadata size: 28501 bytes
[2m2025-09-24T00:18:55.957701Z[0m [34mDEBUG[0m [2m554:[0m ---------- requesting metadata piece 0 [3mraw_message[0m[2m=[0mRawExtendedMessage { id: 2, payload: b"d8:msg_typei0e5:piecei0ee" }
[bittorrent-core/src/peer/peer_connection.rs:529:12] client_support_metadata_yet && !self.state.have_metadata = true
[2m2025-09-24T00:18:55.957956Z[0m [34mDEBUG[0m [2m554:[0m ---------- requesting metadata piece 0 [3mraw_message[0m[2m=[0mRawExtendedMessage { id: 2, payload: b"d8:msg_typei0e5:piecei0ee" }
[2m2025-09-24T00:18:55.958057Z[0m [34mDEBUG[0m [2m466:[0m Received BITFIELD message (178 bytes)
[2m2025-09-24T00:18:55.958108Z[0m [34mDEBUG[0m [2m497:[0m Storing bitfield for later validation (no metadata yet)

thread 'tokio-runtime-worker' panicked at bittorrent-core/src/peer/peer_connection.rs:311:9:
not yet implemented
note: run with `RUST_BACKTRACE=1` environment variable to display a backtrace
[2m2025-09-24T00:18:56.046594Z[0m [33m WARN[0m [2m771:[0m [3merr[0m[2m=[0mNetwork(Os { code: 111, kind: ConnectionRefused, message: "Connection refused" })
[2m2025-09-24T00:18:56.046698Z[0m [33m WARN[0m [2m344:[0m Peer Pid(38) encountered an error [3merr[0m[2m=[0mNetwork(Os { code: 111, kind: ConnectionRefused, message: "Connection refused" })
[2m2025-09-24T00:18:56.051597Z[0m [34mDEBUG[0m [2m129:[0m Received handshake from peer
[2m2025-09-24T00:18:56.051661Z[0m [34mDEBUG[0m [2m133:[0m Validating remote handshake
[bittorrent-core/src/peer/peer_connection.rs:529:12] client_support_metadata_yet && !self.state.have_metadata = false
[2m2025-09-24T00:18:56.051931Z[0m [34mDEBUG[0m [2m572:[0m [3mhandshake[0m[2m=[0mExtendedHandshake { m: Some({"ut_metadata": 2, "ut_pex": 1}), v: Some("libTorrent 0.13.8"), reqq: Some(2048), p: Some(58807), yourip: None, ipv4: None, ipv6: None, metadata_size: Some(28501) }
[bittorrent-core/src/peer/peer_connection.rs:587:16] !self.state.have_metadata = true
[2m2025-09-24T00:18:56.051986Z[0m [34mDEBUG[0m [2m588:[0m SHOULD REQUEST METADATA
[bittorrent-core/src/peer/peer_connection.rs:529:12] client_support_metadata_yet && !self.state.have_metadata = true
[2m2025-09-24T00:18:56.052067Z[0m [34mDEBUG[0m [2m414:[0m Received metadata size: 28501 bytes
[2m2025-09-24T00:18:56.052095Z[0m [33m WARN[0m [2m418:[0m Failed to set metadata size: Can only set metadata size when in Pending state
[2m2025-09-24T00:18:56.052182Z[0m [34mDEBUG[0m [2m554:[0m ---------- requesting metadata piece 1 [3mraw_message[0m[2m=[0mRawExtendedMessage { id: 2, payload: b"d8:msg_typei0e5:piecei1ee" }
[bittorrent-core/src/peer/peer_connection.rs:529:12] client_support_metadata_yet && !self.state.have_metadata = true
[2m2025-09-24T00:18:56.052334Z[0m [34mDEBUG[0m [2m554:[0m ---------- requesting metadata piece 1 [3mraw_message[0m[2m=[0mRawExtendedMessage { id: 2, payload: b"d8:msg_typei0e5:piecei1ee" }
[2m2025-09-24T00:18:56.070654Z[0m [34mDEBUG[0m [2m129:[0m Received handshake from peer
[2m2025-09-24T00:18:56.070708Z[0m [34mDEBUG[0m [2m133:[0m Validating remote handshake
[bittorrent-core/src/peer/peer_connection.rs:529:12] client_support_metadata_yet && !self.state.have_metadata = false
[2m2025-09-24T00:18:56.070938Z[0m [34mDEBUG[0m [2m572:[0m [3mhandshake[0m[2m=[0mExtendedHandshake { m: Some({"lt_donthave": 7, "share_mode": 8, "upload_only": 3, "ut_holepunch": 4, "ut_metadata": 2, "ut_pex": 1}), v: Some("qBittorrent/5.1.2"), reqq: Some(2000), p: None, yourip: Some(b"\xbe3\xaf\x85"), ipv4: None, ipv6: None, metadata_size: Some(28501) }
[bittorrent-core/src/peer/peer_connection.rs:587:16] !self.state.have_metadata = true
[2m2025-09-24T00:18:56.070988Z[0m [34mDEBUG[0m [2m588:[0m SHOULD REQUEST METADATA
[bittorrent-core/src/peer/peer_connection.rs:529:12] client_support_metadata_yet && !self.state.have_metadata = true
[2m2025-09-24T00:18:56.071047Z[0m [34mDEBUG[0m [2m414:[0m Received metadata size: 28501 bytes
[2m2025-09-24T00:18:56.071064Z[0m [33m WARN[0m [2m418:[0m Failed to set metadata size: Can only set metadata size when in Pending state
[2m2025-09-24T00:18:56.071141Z[0m [34mDEBUG[0m [2m554:[0m ---------- requesting metadata piece 0 [3mraw_message[0m[2m=[0mRawExtendedMessage { id: 2, payload: b"d8:msg_typei0e5:piecei0ee" }
[bittorrent-core/src/peer/peer_connection.rs:529:12] client_support_metadata_yet && !self.state.have_metadata = true
[2m2025-09-24T00:18:56.071246Z[0m [34mDEBUG[0m [2m554:[0m ---------- requesting metadata piece 1 [3mraw_message[0m[2m=[0mRawExtendedMessage { id: 2, payload: b"d8:msg_typei0e5:piecei1ee" }
[2m2025-09-24T00:18:56.071288Z[0m [34mDEBUG[0m [2m466:[0m Received BITFIELD message (178 bytes)
[2m2025-09-24T00:18:56.071318Z[0m [34mDEBUG[0m [2m497:[0m Storing bitfield for later validation (no metadata yet)

thread 'tokio-runtime-worker' panicked at bittorrent-core/src/peer/peer_connection.rs:311:9:
not yet implemented
[2m2025-09-24T00:18:56.072524Z[0m [33m WARN[0m [2m771:[0m [3merr[0m[2m=[0mNetwork(Os { code: 113, kind: HostUnreachable, message: "No route to host" })
[2m2025-09-24T00:18:56.072585Z[0m [33m WARN[0m [2m344:[0m Peer Pid(35) encountered an error [3merr[0m[2m=[0mNetwork(Os { code: 113, kind: HostUnreachable, message: "No route to host" })
[2m2025-09-24T00:18:56.090722Z[0m [34mDEBUG[0m [2m129:[0m Received handshake from peer
[2m2025-09-24T00:18:56.090784Z[0m [34mDEBUG[0m [2m133:[0m Validating remote handshake
[bittorrent-core/src/peer/peer_connection.rs:529:12] client_support_metadata_yet && !self.state.have_metadata = false
[2m2025-09-24T00:18:56.091036Z[0m [34mDEBUG[0m [2m572:[0m [3mhandshake[0m[2m=[0mExtendedHandshake { m: Some({"lt_donthave": 7, "share_mode": 8, "upload_only": 3, "ut_holepunch": 4, "ut_metadata": 2, "ut_pex": 1}), v: None, reqq: Some(2000), p: None, yourip: Some(b"\xbe3\xaf\x85"), ipv4: None, ipv6: None, metadata_size: Some(28501) }
[bittorrent-core/src/peer/peer_connection.rs:587:16] !self.state.have_metadata = true
[2m2025-09-24T00:18:56.091084Z[0m [34mDEBUG[0m [2m588:[0m SHOULD REQUEST METADATA
[bittorrent-core/src/peer/peer_connection.rs:529:12] client_support_metadata_yet && !self.state.have_metadata = true
[2m2025-09-24T00:18:56.091141Z[0m [34mDEBUG[0m [2m414:[0m Received metadata size: 28501 bytes
[2m2025-09-24T00:18:56.091157Z[0m [33m WARN[0m [2m418:[0m Failed to set metadata size: Can only set metadata size when in Pending state
[2m2025-09-24T00:18:56.091234Z[0m [34mDEBUG[0m [2m554:[0m ---------- requesting metadata piece 0 [3mraw_message[0m[2m=[0mRawExtendedMessage { id: 2, payload: b"d8:msg_typei0e5:piecei0ee" }
[bittorrent-core/src/peer/peer_connection.rs:529:12] client_support_metadata_yet && !self.state.have_metadata = true
[2m2025-09-24T00:18:56.091363Z[0m [34mDEBUG[0m [2m554:[0m ---------- requesting metadata piece 1 [3mraw_message[0m[2m=[0mRawExtendedMessage { id: 2, payload: b"d8:msg_typei0e5:piecei1ee" }
[2m2025-09-24T00:18:56.091403Z[0m [34mDEBUG[0m [2m466:[0m Received BITFIELD message (178 bytes)
[2m2025-09-24T00:18:56.091418Z[0m [34mDEBUG[0m [2m497:[0m Storing bitfield for later validation (no metadata yet)

thread 'tokio-runtime-worker' panicked at bittorrent-core/src/peer/peer_connection.rs:311:9:
not yet implemented
[2m2025-09-24T00:18:56.146181Z[0m [33m WARN[0m [2m771:[0m [3merr[0m[2m=[0mNetwork(Custom { kind: UnexpectedEof, error: "early eof" })
[2m2025-09-24T00:18:56.146399Z[0m [33m WARN[0m [2m344:[0m Peer Pid(45) encountered an error [3merr[0m[2m=[0mNetwork(Custom { kind: UnexpectedEof, error: "early eof" })
[2m2025-09-24T00:18:56.148072Z[0m [34mDEBUG[0m [2m129:[0m Received handshake from peer
[2m2025-09-24T00:18:56.148145Z[0m [34mDEBUG[0m [2m133:[0m Validating remote handshake
[bittorrent-core/src/peer/peer_connection.rs:529:12] client_support_metadata_yet && !self.state.have_metadata = false
[2m2025-09-24T00:18:56.148618Z[0m [34mDEBUG[0m [2m572:[0m [3mhandshake[0m[2m=[0mExtendedHandshake { m: Some({"lt_donthave": 7, "share_mode": 8, "upload_only": 3, "ut_holepunch": 4, "ut_metadata": 2, "ut_pex": 1}), v: Some("qBittorrent/5.1.0"), reqq: Some(500), p: None, yourip: Some(b"\xbe3\xaf\x85"), ipv4: None, ipv6: None, metadata_size: Some(28501) }
[bittorrent-core/src/peer/peer_connection.rs:587:16] !self.state.have_metadata = true
[2m2025-09-24T00:18:56.148742Z[0m [34mDEBUG[0m [2m588:[0m SHOULD REQUEST METADATA
[bittorrent-core/src/peer/peer_connection.rs:529:12] client_support_metadata_yet && !self.state.have_metadata = true
[2m2025-09-24T00:18:56.148910Z[0m [34mDEBUG[0m [2m414:[0m Received metadata size: 28501 bytes
[2m2025-09-24T00:18:56.148960Z[0m [33m WARN[0m [2m418:[0m Failed to set metadata size: Can only set metadata size when in Pending state
[2m2025-09-24T00:18:56.149113Z[0m [34mDEBUG[0m [2m554:[0m ---------- requesting metadata piece 0 [3mraw_message[0m[2m=[0mRawExtendedMessage { id: 2, payload: b"d8:msg_typei0e5:piecei0ee" }
[bittorrent-core/src/peer/peer_connection.rs:529:12] client_support_metadata_yet && !self.state.have_metadata = true
[2m2025-09-24T00:18:56.149388Z[0m [34mDEBUG[0m [2m554:[0m ---------- requesting metadata piece 1 [3mraw_message[0m[2m=[0mRawExtendedMessage { id: 2, payload: b"d8:msg_typei0e5:piecei1ee" }
[2m2025-09-24T00:18:56.149487Z[0m [34mDEBUG[0m [2m466:[0m Received BITFIELD message (178 bytes)
[2m2025-09-24T00:18:56.149521Z[0m [34mDEBUG[0m [2m497:[0m Storing bitfield for later validation (no metadata yet)

thread 'tokio-runtime-worker' panicked at bittorrent-core/src/peer/peer_connection.rs:311:9:
not yet implemented
[2m2025-09-24T00:18:56.166248Z[0m [33m WARN[0m [2m771:[0m [3merr[0m[2m=[0mNetwork(Custom { kind: UnexpectedEof, error: "early eof" })
[2m2025-09-24T00:18:56.166441Z[0m [33m WARN[0m [2m344:[0m Peer Pid(11) encountered an error [3merr[0m[2m=[0mNetwork(Custom { kind: UnexpectedEof, error: "early eof" })
[2m2025-09-24T00:18:56.283555Z[0m [34mDEBUG[0m [2m466:[0m Received BITFIELD message (178 bytes)
[2m2025-09-24T00:18:56.283610Z[0m [34mDEBUG[0m [2m497:[0m Storing bitfield for later validation (no metadata yet)

thread 'tokio-runtime-worker' panicked at bittorrent-core/src/peer/peer_connection.rs:311:9:
not yet implemented
[2m2025-09-24T00:18:56.367217Z[0m [33m WARN[0m [2m771:[0m [3merr[0m[2m=[0mNetwork(Custom { kind: UnexpectedEof, error: "early eof" })
[2m2025-09-24T00:18:56.367394Z[0m [33m WARN[0m [2m344:[0m Peer Pid(31) encountered an error [3merr[0m[2m=[0mNetwork(Custom { kind: UnexpectedEof, error: "early eof" })
[2m2025-09-24T00:18:56.459043Z[0m [34mDEBUG[0m [2m118:[0m Initiating handshake with peer at 193.126.142.175:65125
[2m2025-09-24T00:18:56.459093Z[0m [34mDEBUG[0m [2m122:[0m Sending handshake message to peer
[2m2025-09-24T00:18:56.459143Z[0m [34mDEBUG[0m [2m124:[0m Handshake sent successfully
[2m2025-09-24T00:18:56.459158Z[0m [34mDEBUG[0m [2m126:[0m Waiting to receive handshake from peer
[2m2025-09-24T00:18:56.508801Z[0m [34mDEBUG[0m [2m129:[0m Received handshake from peer
[2m2025-09-24T00:18:56.508884Z[0m [34mDEBUG[0m [2m133:[0m Validating remote handshake
[bittorrent-core/src/peer/peer_connection.rs:529:12] client_support_metadata_yet && !self.state.have_metadata = false
[2m2025-09-24T00:18:56.593959Z[0m [34mDEBUG[0m [2m129:[0m Received handshake from peer
[2m2025-09-24T00:18:56.594046Z[0m [34mDEBUG[0m [2m133:[0m Validating remote handshake
[bittorrent-core/src/peer/peer_connection.rs:529:12] client_support_metadata_yet && !self.state.have_metadata = false
[2m2025-09-24T00:18:56.594732Z[0m [34mDEBUG[0m [2m572:[0m [3mhandshake[0m[2m=[0mExtendedHandshake { m: Some({"lt_donthave": 7, "share_mode": 8, "upload_only": 3, "ut_holepunch": 4, "ut_metadata": 2, "ut_pex": 1}), v: Some("qBittorrent/5.1.2"), reqq: Some(500), p: None, yourip: Some(b"\xbe3\xaf\x85"), ipv4: None, ipv6: None, metadata_size: Some(28501) }
[bittorrent-core/src/peer/peer_connection.rs:587:16] !self.state.have_metadata = true
[2m2025-09-24T00:18:56.594832Z[0m [34mDEBUG[0m [2m588:[0m SHOULD REQUEST METADATA
[bittorrent-core/src/peer/peer_connection.rs:529:12] client_support_metadata_yet && !self.state.have_metadata = true
[2m2025-09-24T00:18:56.594961Z[0m [34mDEBUG[0m [2m414:[0m Received metadata size: 28501 bytes
[2m2025-09-24T00:18:56.595000Z[0m [33m WARN[0m [2m418:[0m Failed to set metadata size: Can only set metadata size when in Pending state
[2m2025-09-24T00:18:56.595138Z[0m [34mDEBUG[0m [2m554:[0m ---------- requesting metadata piece 0 [3mraw_message[0m[2m=[0mRawExtendedMessage { id: 2, payload: b"d8:msg_typei0e5:piecei0ee" }
[2m2025-09-24T00:18:56.595201Z[0m [34mDEBUG[0m [2m129:[0m Received handshake from peer
[bittorrent-core/src/peer/peer_connection.rs:529:12] client_support_metadata_yet && !self.state.have_metadata = true
[2m2025-09-24T00:18:56.595258Z[0m [34mDEBUG[0m [2m133:[0m Validating remote handshake
[bittorrent-core/src/peer/peer_connection.rs:529:12] client_support_metadata_yet && !self.state.have_metadata = [2m2025-09-24T00:18:56.595440Z[0m [34mDEBUG[0m [2m554:[0m ---------- requesting metadata piece 1 [3mraw_message[0m[2m=[0mRawExtendedMessage { id: 2, payload: b"d8:msg_typei0e5:piecei1ee" }
false
[2m2025-09-24T00:18:56.595551Z[0m [34mDEBUG[0m [2m466:[0m Received BITFIELD message (178 bytes)
[2m2025-09-24T00:18:56.595596Z[0m [34mDEBUG[0m [2m497:[0m Storing bitfield for later validation (no metadata yet)

thread 'tokio-runtime-worker' panicked at bittorrent-core/src/peer/peer_connection.rs:311:9:
not yet implemented
[2m2025-09-24T00:18:56.976740Z[0m [33m WARN[0m [2m771:[0m [3merr[0m[2m=[0mNetwork(Os { code: 113, kind: HostUnreachable, message: "No route to host" })
[2m2025-09-24T00:18:56.976916Z[0m [33m WARN[0m [2m344:[0m Peer Pid(18) encountered an error [3merr[0m[2m=[0mNetwork(Os { code: 113, kind: HostUnreachable, message: "No route to host" })
[2m2025-09-24T00:18:57.011020Z[0m [34mDEBUG[0m [2m572:[0m [3mhandshake[0m[2m=[0mExtendedHandshake { m: Some({"ut_metadata": 3, "ut_pex": 1}), v: Some("Transmission 4.0.6"), reqq: Some(512), p: Some(51413), yourip: Some(b"\xbe3\xaf\x85"), ipv4: None, ipv6: None, metadata_size: Some(28501) }
[bittorrent-core/src/peer/peer_connection.rs:587:16] !self.state.have_metadata = true
[2m2025-09-24T00:18:57.011184Z[0m [34mDEBUG[0m [2m588:[0m SHOULD REQUEST METADATA
[bittorrent-core/src/peer/peer_connection.rs:529:12] client_support_metadata_yet && !self.state.have_metadata = true
[2m2025-09-24T00:18:57.011364Z[0m [34mDEBUG[0m [2m414:[0m Received metadata size: 28501 bytes
[2m2025-09-24T00:18:57.011405Z[0m [33m WARN[0m [2m418:[0m Failed to set metadata size: Can only set metadata size when in Pending state
[2m2025-09-24T00:18:57.011524Z[0m [34mDEBUG[0m [2m554:[0m ---------- requesting metadata piece 0 [3mraw_message[0m[2m=[0mRawExtendedMessage { id: 3, payload: b"d8:msg_typei0e5:piecei0ee" }
[bittorrent-core/src/peer/peer_connection.rs:529:12] client_support_metadata_yet && !self.state.have_metadata = true
[2m2025-09-24T00:18:57.011952Z[0m [34mDEBUG[0m [2m554:[0m ---------- requesting metadata piece 1 [3mraw_message[0m[2m=[0mRawExtendedMessage { id: 3, payload: b"d8:msg_typei0e5:piecei1ee" }
[2m2025-09-24T00:18:57.012046Z[0m [34mDEBUG[0m [2m466:[0m Received BITFIELD message (178 bytes)
[2m2025-09-24T00:18:57.012078Z[0m [34mDEBUG[0m [2m497:[0m Storing bitfield for later validation (no metadata yet)

thread 'tokio-runtime-worker' panicked at bittorrent-core/src/peer/peer_connection.rs:311:9:
not yet implemented
[2m2025-09-24T00:18:57.033095Z[0m [34mDEBUG[0m [2m129:[0m Received handshake from peer
[2m2025-09-24T00:18:57.033176Z[0m [34mDEBUG[0m [2m133:[0m Validating remote handshake
[bittorrent-core/src/peer/peer_connection.rs:529:12] client_support_metadata_yet && !self.state.have_metadata = false
[2m2025-09-24T00:18:57.033595Z[0m [34mDEBUG[0m [2m572:[0m [3mhandshake[0m[2m=[0mExtendedHandshake { m: Some({"lt_donthave": 7, "share_mode": 8, "upload_only": 3, "ut_holepunch": 4, "ut_metadata": 2, "ut_pex": 1}), v: Some("qBittorrent/5.1.2"), reqq: Some(2000), p: None, yourip: Some(b"\xbe3\xaf\x85"), ipv4: None, ipv6: None, metadata_size: Some(28501) }
[bittorrent-core/src/peer/peer_connection.rs:587:16] !self.state.have_metadata = true
[2m2025-09-24T00:18:57.033682Z[0m [34mDEBUG[0m [2m588:[0m SHOULD REQUEST METADATA
[bittorrent-core/src/peer/peer_connection.rs:529:12] client_support_metadata_yet && !self.state.have_metadata = true
[2m2025-09-24T00:18:57.033794Z[0m [34mDEBUG[0m [2m414:[0m Received metadata size: 28501 bytes
[2m2025-09-24T00:18:57.033828Z[0m [33m WARN[0m [2m418:[0m Failed to set metadata size: Can only set metadata size when in Pending state
[2m2025-09-24T00:18:57.033969Z[0m [34mDEBUG[0m [2m554:[0m ---------- requesting metadata piece 0 [3mraw_message[0m[2m=[0mRawExtendedMessage { id: 2, payload: b"d8:msg_typei0e5:piecei0ee" }
[bittorrent-core/src/peer/peer_connection.rs:529:12] client_support_metadata_yet && !self.state.have_metadata = true
[2m2025-09-24T00:18:57.034206Z[0m [34mDEBUG[0m [2m554:[0m ---------- requesting metadata piece 1 [3mraw_message[0m[2m=[0mRawExtendedMessage { id: 2, payload: b"d8:msg_typei0e5:piecei1ee" }
[2m2025-09-24T00:18:57.034289Z[0m [34mDEBUG[0m [2m466:[0m Received BITFIELD message (178 bytes)
[2m2025-09-24T00:18:57.034347Z[0m [34mDEBUG[0m [2m497:[0m Storing bitfield for later validation (no metadata yet)

thread 'tokio-runtime-worker' panicked at bittorrent-core/src/peer/peer_connection.rs:311:9:
not yet implemented
[2m2025-09-24T00:18:57.035801Z[0m [34mDEBUG[0m [2m572:[0m [3mhandshake[0m[2m=[0mExtendedHandshake { m: Some({"ut_metadata": 3, "ut_pex": 1}), v: Some("Transmission 4.0.6"), reqq: Some(512), p: Some(51413), yourip: Some(b"\xbe3\xaf\x85"), ipv4: None, ipv6: None, metadata_size: Some(28501) }
[bittorrent-core/src/peer/peer_connection.rs:587:16] !self.state.have_metadata = true
[2m2025-09-24T00:18:57.035895Z[0m [34mDEBUG[0m [2m588:[0m SHOULD REQUEST METADATA
[bittorrent-core/src/peer/peer_connection.rs:529:12] client_support_metadata_yet && !self.state.have_metadata = true
[2m2025-09-24T00:18:57.036008Z[0m [34mDEBUG[0m [2m414:[0m Received metadata size: 28501 bytes
[2m2025-09-24T00:18:57.036045Z[0m [33m WARN[0m [2m418:[0m Failed to set metadata size: Can only set metadata size when in Pending state
[2m2025-09-24T00:18:57.036149Z[0m [34mDEBUG[0m [2m554:[0m ---------- requesting metadata piece 0 [3mraw_message[0m[2m=[0mRawExtendedMessage { id: 3, payload: b"d8:msg_typei0e5:piecei0ee" }
[bittorrent-core/src/peer/peer_connection.rs:529:12] client_support_metadata_yet && !self.state.have_metadata = true
[2m2025-09-24T00:18:57.036435Z[0m [34mDEBUG[0m [2m554:[0m ---------- requesting metadata piece 1 [3mraw_message[0m[2m=[0mRawExtendedMessage { id: 3, payload: b"d8:msg_typei0e5:piecei1ee" }
[2m2025-09-24T00:18:57.036555Z[0m [34mDEBUG[0m [2m466:[0m Received BITFIELD message (178 bytes)
[2m2025-09-24T00:18:57.036588Z[0m [34mDEBUG[0m [2m497:[0m Storing bitfield for later validation (no metadata yet)

thread 'tokio-runtime-worker' panicked at bittorrent-core/src/peer/peer_connection.rs:311:9:
not yet implemented
[2m2025-09-24T00:18:57.893885Z[0m [33m WARN[0m [2m771:[0m [3merr[0m[2m=[0mNetwork(Os { code: 113, kind: HostUnreachable, message: "No route to host" })
[2m2025-09-24T00:18:57.894078Z[0m [33m WARN[0m [2m344:[0m Peer Pid(7) encountered an error [3merr[0m[2m=[0mNetwork(Os { code: 113, kind: HostUnreachable, message: "No route to host" })
[2m2025-09-24T00:18:59.906591Z[0m [33m WARN[0m [2m771:[0m [3merr[0m[2m=[0mNetwork(Os { code: 113, kind: HostUnreachable, message: "No route to host" })
[2m2025-09-24T00:18:59.906777Z[0m [33m WARN[0m [2m344:[0m Peer Pid(24) encountered an error [3merr[0m[2m=[0mNetwork(Os { code: 113, kind: HostUnreachable, message: "No route to host" })
[2m2025-09-24T00:19:00.144594Z[0m [34mDEBUG[0m [2m768:[0m connecting to 99.192.123.102:6969
[2m2025-09-24T00:19:00.147845Z[0m [33m WARN[0m [2m557:[0m Failed to announce to tracker udp://tracker.theoks.net:6969/announce: Network error: Address family not supported by protocol (os error 97)
[2m2025-09-24T00:19:00.370767Z[0m [34mDEBUG[0m [2m236:[0m established connection to 45.9.60.30:6969
[2m2025-09-24T00:19:00.370918Z[0m [34mDEBUG[0m [2m261:[0m sent request to tracker
[2m2025-09-24T00:19:00.603843Z[0m [32m INFO[0m [2m313:[0m connecting to 103.97.142.80:36845
[2m2025-09-24T00:19:00.603991Z[0m [32m INFO[0m [2m313:[0m connecting to 94.25.68.133:11894
[2m2025-09-24T00:19:00.604060Z[0m [32m INFO[0m [2m313:[0m connecting to 173.244.56.201:60731
[2m2025-09-24T00:19:00.604129Z[0m [32m INFO[0m [2m313:[0m connecting to 171.22.172.34:6881
[2m2025-09-24T00:19:00.604189Z[0m [32m INFO[0m [2m313:[0m connecting to 154.47.22.87:61460
[2m2025-09-24T00:19:00.604393Z[0m [32m INFO[0m [2m313:[0m connecting to 149.88.27.129:39750
[2m2025-09-24T00:19:00.604507Z[0m [32m INFO[0m [2m313:[0m connecting to 94.24.109.11:21783
[2m2025-09-24T00:19:00.604637Z[0m [32m INFO[0m [2m313:[0m connecting to 85.166.92.13:50115
[2m2025-09-24T00:19:00.604768Z[0m [32m INFO[0m [2m313:[0m connecting to 62.211.48.189:6882
[2m2025-09-24T00:19:00.604875Z[0m [32m INFO[0m [2m313:[0m connecting to 46.117.187.107:22123
[2m2025-09-24T00:19:00.604995Z[0m [32m INFO[0m [2m313:[0m connecting to 212.85.84.114:13717
[2m2025-09-24T00:19:00.605095Z[0m [32m INFO[0m [2m313:[0m connecting to 193.118.55.78:51413
[2m2025-09-24T00:19:00.605214Z[0m [32m INFO[0m [2m313:[0m connecting to 186.62.97.169:30273
[2m2025-09-24T00:19:00.605370Z[0m [32m INFO[0m [2m313:[0m connecting to 167.179.181.104:19335
[2m2025-09-24T00:19:00.605505Z[0m [32m INFO[0m [2m313:[0m connecting to 131.150.213.188:4876
[2m2025-09-24T00:19:00.605621Z[0m [32m INFO[0m [2m313:[0m connecting to 119.94.172.141:36158
[2m2025-09-24T00:19:00.642262Z[0m [34mDEBUG[0m [2m118:[0m Initiating handshake with peer at 186.62.97.169:30273
[2m2025-09-24T00:19:00.642385Z[0m [34mDEBUG[0m [2m122:[0m Sending handshake message to peer
[2m2025-09-24T00:19:00.642481Z[0m [34mDEBUG[0m [2m124:[0m Handshake sent successfully
[2m2025-09-24T00:19:00.642526Z[0m [34mDEBUG[0m [2m126:[0m Waiting to receive handshake from peer
[2m2025-09-24T00:19:00.678980Z[0m [34mDEBUG[0m [2m129:[0m Received handshake from peer
[2m2025-09-24T00:19:00.679013Z[0m [34mDEBUG[0m [2m133:[0m Validating remote handshake
[bittorrent-core/src/peer/peer_connection.rs:529:12] client_support_metadata_yet && !self.state.have_metadata = false
[2m2025-09-24T00:19:00.679226Z[0m [34mDEBUG[0m [2m572:[0m [3mhandshake[0m[2m=[0mExtendedHandshake { m: Some({"lt_donthave": 7, "share_mode": 8, "upload_only": 3, "ut_holepunch": 4, "ut_metadata": 2, "ut_pex": 1}), v: Some("qBittorrent/5.0.4"), reqq: Some(500), p: None, yourip: Some(b"\xbe3\xaf\x85"), ipv4: None, ipv6: None, metadata_size: Some(28501) }
[bittorrent-core/src/peer/peer_connection.rs:587:16] !self.state.have_metadata = true
[2m2025-09-24T00:19:00.679288Z[0m [34mDEBUG[0m [2m588:[0m SHOULD REQUEST METADATA
[bittorrent-core/src/peer/peer_connection.rs:529:12] client_support_metadata_yet && !self.state.have_metadata = true
[2m2025-09-24T00:19:00.679361Z[0m [34mDEBUG[0m [2m414:[0m Received metadata size: 28501 bytes
[2m2025-09-24T00:19:00.679377Z[0m [33m WARN[0m [2m418:[0m Failed to set metadata size: Can only set metadata size when in Pending state
[2m2025-09-24T00:19:00.679436Z[0m [34mDEBUG[0m [2m554:[0m ---------- requesting metadata piece 0 [3mraw_message[0m[2m=[0mRawExtendedMessage { id: 2, payload: b"d8:msg_typei0e5:piecei0ee" }
[bittorrent-core/src/peer/peer_connection.rs:529:12] client_support_metadata_yet && !self.state.have_metadata = true
[2m2025-09-24T00:19:00.679534Z[0m [34mDEBUG[0m [2m554:[0m ---------- requesting metadata piece 1 [3mraw_message[0m[2m=[0mRawExtendedMessage { id: 2, payload: b"d8:msg_typei0e5:piecei1ee" }
[2m2025-09-24T00:19:00.679576Z[0m [34mDEBUG[0m [2m466:[0m Received BITFIELD message (178 bytes)
[2m2025-09-24T00:19:00.679589Z[0m [34mDEBUG[0m [2m497:[0m Storing bitfield for later validation (no metadata yet)

thread 'tokio-runtime-worker' panicked at bittorrent-core/src/peer/peer_connection.rs:311:9:
not yet implemented
[2m2025-09-24T00:19:00.833238Z[0m [33m WARN[0m [2m771:[0m [3merr[0m[2m=[0mNetwork(Os { code: 111, kind: ConnectionRefused, message: "Connection refused" })
[2m2025-09-24T00:19:00.833358Z[0m [33m WARN[0m [2m344:[0m Peer Pid(52) encountered an error [3merr[0m[2m=[0mNetwork(Os { code: 111, kind: ConnectionRefused, message: "Connection refused" })
[2m2025-09-24T00:19:00.833446Z[0m [34mDEBUG[0m [2m118:[0m Initiating handshake with peer at 154.47.22.87:61460
[2m2025-09-24T00:19:00.833472Z[0m [34mDEBUG[0m [2m122:[0m Sending handshake message to peer
[2m2025-09-24T00:19:00.833518Z[0m [34mDEBUG[0m [2m124:[0m Handshake sent successfully
[2m2025-09-24T00:19:00.833531Z[0m [34mDEBUG[0m [2m126:[0m Waiting to receive handshake from peer
[2m2025-09-24T00:19:00.833574Z[0m [34mDEBUG[0m [2m118:[0m Initiating handshake with peer at 171.22.172.34:6881
[2m2025-09-24T00:19:00.833600Z[0m [34mDEBUG[0m [2m122:[0m Sending handshake message to peer
[2m2025-09-24T00:19:00.833635Z[0m [34mDEBUG[0m [2m124:[0m Handshake sent successfully
[2m2025-09-24T00:19:00.833650Z[0m [34mDEBUG[0m [2m126:[0m Waiting to receive handshake from peer
[2m2025-09-24T00:19:00.840956Z[0m [33m WARN[0m [2m771:[0m [3merr[0m[2m=[0mNetwork(Os { code: 111, kind: ConnectionRefused, message: "Connection refused" })
[2m2025-09-24T00:19:00.841017Z[0m [33m WARN[0m [2m344:[0m Peer Pid(64) encountered an error [3merr[0m[2m=[0mNetwork(Os { code: 111, kind: ConnectionRefused, message: "Connection refused" })
[2m2025-09-24T00:19:00.841548Z[0m [34mDEBUG[0m [2m118:[0m Initiating handshake with peer at 94.24.109.11:21783
[2m2025-09-24T00:19:00.841578Z[0m [34mDEBUG[0m [2m122:[0m Sending handshake message to peer
[2m2025-09-24T00:19:00.841610Z[0m [34mDEBUG[0m [2m124:[0m Handshake sent successfully
[2m2025-09-24T00:19:00.841626Z[0m [34mDEBUG[0m [2m126:[0m Waiting to receive handshake from peer
[2m2025-09-24T00:19:00.844196Z[0m [34mDEBUG[0m [2m118:[0m Initiating handshake with peer at 212.85.84.114:13717
[2m2025-09-24T00:19:00.844219Z[0m [34mDEBUG[0m [2m122:[0m Sending handshake message to peer
[2m2025-09-24T00:19:00.844243Z[0m [34mDEBUG[0m [2m124:[0m Handshake sent successfully
[2m2025-09-24T00:19:00.844255Z[0m [34mDEBUG[0m [2m126:[0m Waiting to receive handshake from peer
[2m2025-09-24T00:19:00.855898Z[0m [34mDEBUG[0m [2m118:[0m Initiating handshake with peer at 149.88.27.129:39750
[2m2025-09-24T00:19:00.855938Z[0m [34mDEBUG[0m [2m122:[0m Sending handshake message to peer
[2m2025-09-24T00:19:00.855969Z[0m [34mDEBUG[0m [2m124:[0m Handshake sent successfully
[2m2025-09-24T00:19:00.855981Z[0m [34mDEBUG[0m [2m126:[0m Waiting to receive handshake from peer
[2m2025-09-24T00:19:00.864759Z[0m [34mDEBUG[0m [2m118:[0m Initiating handshake with peer at 85.166.92.13:50115
[2m2025-09-24T00:19:00.864819Z[0m [34mDEBUG[0m [2m122:[0m Sending handshake message to peer
[2m2025-09-24T00:19:00.864880Z[0m [34mDEBUG[0m [2m124:[0m Handshake sent successfully
[2m2025-09-24T00:19:00.864909Z[0m [34mDEBUG[0m [2m126:[0m Waiting to receive handshake from peer
[2m2025-09-24T00:19:00.930677Z[0m [34mDEBUG[0m [2m118:[0m Initiating handshake with peer at 193.118.55.78:51413
[2m2025-09-24T00:19:00.930766Z[0m [34mDEBUG[0m [2m122:[0m Sending handshake message to peer
[2m2025-09-24T00:19:00.930853Z[0m [34mDEBUG[0m [2m124:[0m Handshake sent successfully
[2m2025-09-24T00:19:00.930881Z[0m [34mDEBUG[0m [2m126:[0m Waiting to receive handshake from peer
[2m2025-09-24T00:19:01.042945Z[0m [34mDEBUG[0m [2m129:[0m Received handshake from peer
[2m2025-09-24T00:19:01.042995Z[0m [34mDEBUG[0m [2m133:[0m Validating remote handshake
[bittorrent-core/src/peer/peer_connection.rs:529:12] client_support_metadata_yet && !self.state.have_metadata = false
[2m2025-09-24T00:19:01.043234Z[0m [34mDEBUG[0m [2m572:[0m [3mhandshake[0m[2m=[0mExtendedHandshake { m: Some({"lt_donthave": 7, "share_mode": 8, "upload_only": 3, "ut_holepunch": 4, "ut_metadata": 2, "ut_pex": 1}), v: Some("qBittorrent/5.1.2"), reqq: Some(2000), p: None, yourip: Some(b"\xbe3\xaf\x85"), ipv4: None, ipv6: None, metadata_size: Some(28501) }
[bittorrent-core/src/peer/peer_connection.rs:587:16] !self.state.have_metadata = true
[2m2025-09-24T00:19:01.043284Z[0m [34mDEBUG[0m [2m588:[0m SHOULD REQUEST METADATA
[bittorrent-core/src/peer/peer_connection.rs:529:12] client_support_metadata_yet && !self.state.have_metadata = true
[2m2025-09-24T00:19:01.043361Z[0m [34mDEBUG[0m [2m414:[0m Received metadata size: 28501 bytes
[2m2025-09-24T00:19:01.043377Z[0m [33m WARN[0m [2m418:[0m Failed to set metadata size: Can only set metadata size when in Pending state
[2m2025-09-24T00:19:01.043439Z[0m [34mDEBUG[0m [2m554:[0m ---------- requesting metadata piece 0 [3mraw_message[0m[2m=[0mRawExtendedMessage { id: 2, payload: b"d8:msg_typei0e5:piecei0ee" }
[bittorrent-core/src/peer/peer_connection.rs:529:12] client_support_metadata_yet && !self.state.have_metadata = true
[2m2025-09-24T00:19:01.043535Z[0m [34mDEBUG[0m [2m554:[0m ---------- requesting metadata piece 1 [3mraw_message[0m[2m=[0mRawExtendedMessage { id: 2, payload: b"d8:msg_typei0e5:piecei1ee" }
[2m2025-09-24T00:19:01.043572Z[0m [34mDEBUG[0m [2m466:[0m Received BITFIELD message (178 bytes)
[2m2025-09-24T00:19:01.043589Z[0m [34mDEBUG[0m [2m497:[0m Storing bitfield for later validation (no metadata yet)

thread 'tokio-runtime-worker' panicked at bittorrent-core/src/peer/peer_connection.rs:311:9:
not yet implemented
[2m2025-09-24T00:19:01.059657Z[0m [34mDEBUG[0m [2m129:[0m Received handshake from peer
[2m2025-09-24T00:19:01.059738Z[0m [34mDEBUG[0m [2m133:[0m Validating remote handshake
[bittorrent-core/src/peer/peer_connection.rs:529:12] client_support_metadata_yet && !self.state.have_metadata = false
[2m2025-09-24T00:19:01.060013Z[0m [34mDEBUG[0m [2m572:[0m [3mhandshake[0m[2m=[0mExtendedHandshake { m: Some({"lt_donthave": 7, "share_mode": 8, "upload_only": 3, "ut_holepunch": 4, "ut_metadata": 2, "ut_pex": 1}), v: Some("qBittorrent/5.1.2"), reqq: Some(2000), p: None, yourip: Some(b"\xbe3\xaf\x85"), ipv4: None, ipv6: None, metadata_size: Some(28501) }
[bittorrent-core/src/peer/peer_connection.rs:587:16] !self.state.have_metadata = true
[2m2025-09-24T00:19:01.060067Z[0m [34mDEBUG[0m [2m588:[0m SHOULD REQUEST METADATA
[bittorrent-core/src/peer/peer_connection.rs:529:12] client_support_metadata_yet && !self.state.have_metadata = true
[2m2025-09-24T00:19:01.060148Z[0m [34mDEBUG[0m [2m414:[0m Received metadata size: 28501 bytes
[2m2025-09-24T00:19:01.060167Z[0m [33m WARN[0m [2m418:[0m Failed to set metadata size: Can only set metadata size when in Pending state
[2m2025-09-24T00:19:01.060238Z[0m [34mDEBUG[0m [2m554:[0m ---------- requesting metadata piece 0 [3mraw_message[0m[2m=[0mRawExtendedMessage { id: 2, payload: b"d8:msg_typei0e5:piecei0ee" }
[bittorrent-core/src/peer/peer_connection.rs:529:12] client_support_metadata_yet && !self.state.have_metadata = true
[2m2025-09-24T00:19:01.060361Z[0m [34mDEBUG[0m [2m554:[0m ---------- requesting metadata piece 1 [3mraw_message[0m[2m=[0mRawExtendedMessage { id: 2, payload: b"d8:msg_typei0e5:piecei1ee" }
[2m2025-09-24T00:19:01.060402Z[0m [34mDEBUG[0m [2m466:[0m Received BITFIELD message (178 bytes)
[2m2025-09-24T00:19:01.060417Z[0m [34mDEBUG[0m [2m497:[0m Storing bitfield for later validation (no metadata yet)

thread 'tokio-runtime-worker' panicked at bittorrent-core/src/peer/peer_connection.rs:311:9:
not yet implemented
[2m2025-09-24T00:19:01.076079Z[0m [34mDEBUG[0m [2m129:[0m Received handshake from peer
[2m2025-09-24T00:19:01.076128Z[0m [34mDEBUG[0m [2m133:[0m Validating remote handshake
[bittorrent-core/src/peer/peer_connection.rs:529:12] client_support_metadata_yet && !self.state.have_metadata = false
[2m2025-09-24T00:19:01.076384Z[0m [34mDEBUG[0m [2m572:[0m [3mhandshake[0m[2m=[0mExtendedHandshake { m: Some({"lt_donthave": 7, "share_mode": 8, "upload_only": 3, "ut_holepunch": 4, "ut_metadata": 2, "ut_pex": 1}), v: Some("qBittorrent/5.0.1"), reqq: Some(500), p: None, yourip: Some(b"\xbe3\xaf\x85"), ipv4: None, ipv6: None, metadata_size: Some(28501) }
[bittorrent-core/src/peer/peer_connection.rs:587:16] !self.state.have_metadata = true
[2m2025-09-24T00:19:01.076439Z[0m [34mDEBUG[0m [2m588:[0m SHOULD REQUEST METADATA
[bittorrent-core/src/peer/peer_connection.rs:529:12] client_support_metadata_yet && !self.state.have_metadata = true
[2m2025-09-24T00:19:01.076501Z[0m [34mDEBUG[0m [2m414:[0m Received metadata size: 28501 bytes
[2m2025-09-24T00:19:01.076520Z[0m [33m WARN[0m [2m418:[0m Failed to set metadata size: Can only set metadata size when in Pending state
[2m2025-09-24T00:19:01.076586Z[0m [34mDEBUG[0m [2m554:[0m ---------- requesting metadata piece 0 [3mraw_message[0m[2m=[0mRawExtendedMessage { id: 2, payload: b"d8:msg_typei0e5:piecei0ee" }
[bittorrent-core/src/peer/peer_connection.rs:529:12] client_support_metadata_yet && !self.state.have_metadata = true
[2m2025-09-24T00:19:01.076693Z[0m [34mDEBUG[0m [2m554:[0m ---------- requesting metadata piece 1 [3mraw_message[0m[2m=[0mRawExtendedMessage { id: 2, payload: b"d8:msg_typei0e5:piecei1ee" }
[2m2025-09-24T00:19:01.076731Z[0m [34mDEBUG[0m [2m466:[0m Received BITFIELD message (178 bytes)
[2m2025-09-24T00:19:01.076745Z[0m [34mDEBUG[0m [2m497:[0m Storing bitfield for later validation (no metadata yet)

thread 'tokio-runtime-worker' panicked at bittorrent-core/src/peer/peer_connection.rs:311:9:
not yet implemented
[2m2025-09-24T00:19:01.081864Z[0m [34mDEBUG[0m [2m129:[0m Received handshake from peer
[2m2025-09-24T00:19:01.081924Z[0m [34mDEBUG[0m [2m133:[0m Validating remote handshake
[bittorrent-core/src/peer/peer_connection.rs:529:12] client_support_metadata_yet && !self.state.have_metadata = false
[2m2025-09-24T00:19:01.082158Z[0m [34mDEBUG[0m [2m572:[0m [3mhandshake[0m[2m=[0mExtendedHandshake { m: Some({"lt_donthave": 7, "share_mode": 8, "upload_only": 3, "ut_holepunch": 4, "ut_metadata": 2, "ut_pex": 1}), v: Some("qBittorrent/5.1.2"), reqq: Some(2000), p: None, yourip: Some(b"\xbe3\xaf\x85"), ipv4: None, ipv6: None, metadata_size: Some(28501) }
[bittorrent-core/src/peer/peer_connection.rs:587:16] !self.state.have_metadata = true
[2m2025-09-24T00:19:01.082215Z[0m [34mDEBUG[0m [2m588:[0m SHOULD REQUEST METADATA
[bittorrent-core/src/peer/peer_connection.rs:529:12] client_support_metadata_yet && !self.state.have_metadata = true
[2m2025-09-24T00:19:01.082310Z[0m [34mDEBUG[0m [2m414:[0m Received metadata size: 28501 bytes
[2m2025-09-24T00:19:01.082336Z[0m [33m WARN[0m [2m418:[0m Failed to set metadata size: Can only set metadata size when in Pending state
[2m2025-09-24T00:19:01.082422Z[0m [34mDEBUG[0m [2m554:[0m ---------- requesting metadata piece 0 [3mraw_message[0m[2m=[0mRawExtendedMessage { id: 2, payload: b"d8:msg_typei0e5:piecei0ee" }
[bittorrent-core/src/peer/peer_connection.rs:529:12] client_support_metadata_yet && !self.state.have_metadata = true
[2m2025-09-24T00:19:01.082541Z[0m [34mDEBUG[0m [2m554:[0m ---------- requesting metadata piece 1 [3mraw_message[0m[2m=[0mRawExtendedMessage { id: 2, payload: b"d8:msg_typei0e5:piecei1ee" }
[2m2025-09-24T00:19:01.082585Z[0m [34mDEBUG[0m [2m466:[0m Received BITFIELD message (178 bytes)
[2m2025-09-24T00:19:01.082604Z[0m [34mDEBUG[0m [2m497:[0m Storing bitfield for later validation (no metadata yet)

thread 'tokio-runtime-worker' panicked at bittorrent-core/src/peer/peer_connection.rs:311:9:
not yet implemented
[2m2025-09-24T00:19:01.102035Z[0m [34mDEBUG[0m [2m129:[0m Received handshake from peer
[2m2025-09-24T00:19:01.102087Z[0m [34mDEBUG[0m [2m133:[0m Validating remote handshake
[bittorrent-core/src/peer/peer_connection.rs:529:12] client_support_metadata_yet && !self.state.have_metadata = false
[2m2025-09-24T00:19:01.102339Z[0m [34mDEBUG[0m [2m572:[0m [3mhandshake[0m[2m=[0mExtendedHandshake { m: Some({"lt_donthave": 7, "share_mode": 8, "upload_only": 3, "ut_holepunch": 4, "ut_metadata": 2}), v: Some("qBittorrent/5.1.2"), reqq: Some(2000), p: None, yourip: Some(b"\xbe3\xaf\x85"), ipv4: None, ipv6: None, metadata_size: Some(28501) }
[bittorrent-core/src/peer/peer_connection.rs:587:16] !self.state.have_metadata = true
[2m2025-09-24T00:19:01.102395Z[0m [34mDEBUG[0m [2m588:[0m SHOULD REQUEST METADATA
[bittorrent-core/src/peer/peer_connection.rs:529:12] client_support_metadata_yet && !self.state.have_metadata = true
[2m2025-09-24T00:19:01.102460Z[0m [34mDEBUG[0m [2m414:[0m Received metadata size: 28501 bytes
[2m2025-09-24T00:19:01.102479Z[0m [33m WARN[0m [2m418:[0m Failed to set metadata size: Can only set metadata size when in Pending state
[2m2025-09-24T00:19:01.102548Z[0m [34mDEBUG[0m [2m554:[0m ---------- requesting metadata piece 0 [3mraw_message[0m[2m=[0mRawExtendedMessage { id: 2, payload: b"d8:msg_typei0e5:piecei0ee" }
[bittorrent-core/src/peer/peer_connection.rs:529:12] client_support_metadata_yet && !self.state.have_metadata = true
[2m2025-09-24T00:19:01.102653Z[0m [34mDEBUG[0m [2m554:[0m ---------- requesting metadata piece 1 [3mraw_message[0m[2m=[0mRawExtendedMessage { id: 2, payload: b"d8:msg_typei0e5:piecei1ee" }
[2m2025-09-24T00:19:01.102693Z[0m [34mDEBUG[0m [2m466:[0m Received BITFIELD message (178 bytes)
[2m2025-09-24T00:19:01.102708Z[0m [34mDEBUG[0m [2m497:[0m Storing bitfield for later validation (no metadata yet)

thread 'tokio-runtime-worker' panicked at bittorrent-core/src/peer/peer_connection.rs:311:9:
not yet implemented
[2m2025-09-24T00:19:01.122791Z[0m [33m WARN[0m [2m771:[0m [3merr[0m[2m=[0mNetwork(Custom { kind: UnexpectedEof, error: "early eof" })
[2m2025-09-24T00:19:01.122899Z[0m [33m WARN[0m [2m344:[0m Peer Pid(57) encountered an error [3merr[0m[2m=[0mNetwork(Custom { kind: UnexpectedEof, error: "early eof" })
[2m2025-09-24T00:19:01.726189Z[0m [33m WARN[0m [2m771:[0m [3merr[0m[2m=[0mNetwork(Custom { kind: UnexpectedEof, error: "early eof" })
[2m2025-09-24T00:19:01.726413Z[0m [33m WARN[0m [2m344:[0m Peer Pid(61) encountered an error [3merr[0m[2m=[0mNetwork(Custom { kind: UnexpectedEof, error: "early eof" })
[2m2025-09-24T00:19:02.676957Z[0m [34mDEBUG[0m [2m236:[0m established connection to 109.201.134.183:80
[2m2025-09-24T00:19:02.677148Z[0m [34mDEBUG[0m [2m261:[0m sent request to tracker
[2m2025-09-24T00:19:05.113087Z[0m [33m WARN[0m [2m557:[0m Failed to announce to tracker udp://fosstorrents.com:6969/announce: Connection timeout
[2m2025-09-24T00:19:05.113164Z[0m [33m WARN[0m [2m557:[0m Failed to announce to tracker udp://tracker-udp.gbitt.info:80/announce: Connection timeout
[2m2025-09-24T00:19:05.113411Z[0m [33m WARN[0m [2m557:[0m Failed to announce to tracker http://fosstorrents.com:6969/announce: Connection timeout
[2m2025-09-24T00:20:01.340353Z[0m [32m INFO[0m [2m125:[0m  Received shutdown signal, stopping session...
[2m2025-09-24T00:20:01.340652Z[0m [32m INFO[0m [2m274:[0m Shutting down...
[2m2025-09-24T00:20:01.340898Z[0m [32m INFO[0m [2m185:[0m Session exited cleanly
